**** TEAMS: 

TEAM DUMBLEDORE'S ARMY
	1 Ernie Macmillan   Organization: HOGWARTS   Rank: STUDENT   Curse: stupefy
	2 Luna Lovegood   Organization: HOGWARTS   Rank: STUDENT   Curse: imperio
	3 Hermione Granger   Organization: HOGWARTS   Rank: STUDENT   Curse: bat-bogey hex
	4 Ron Weasley   Organization: HOGWARTS   Rank: STUDENT   Curse: canario
	5 Harry Potter   Organization: HOGWARTS   Rank: STUDENT   Curse: thief's downfall

TEAM FACELESS BUREAUCRATS
	1 Amycus Carrow   Organization: DEATH_EATERS   Rank: MASTER   Curse: expelliarmus
	2 Cornelius Fudge   Organization: MINISTRY_OF_MAGIC   Rank: MINISTER   Curse: entrail-expelling curse
	3 John Dawlish   Organization: MINISTRY_OF_MAGIC   Rank: AUROR   Curse: reducto
	4 Croaker   Organization: MINISTRY_OF_MAGIC   Rank: UNSPEAKABLE   Curse: horn tongue
	5 Dolores Umbridge   Organization: MINISTRY_OF_MAGIC   Rank: OFFICIAL   Curse: protego


****HEAD-TO-HEAD BATTLE****
***Battle 1

Team 1:   Ernie Macmillan   stupefy   30PU     *** WINNER
Team 2:   Amycus Carrow   expelliarmus   30PU     *** LOSER

***Battle 2

Team 1:   Luna Lovegood   imperio   72PU     *** WINNER
Team 2:   Cornelius Fudge   entrail-expelling curse   40PU     *** LOSER

***Battle 3

Team 1:   Hermione Granger   bat-bogey hex   35PU     *** LOSER
Team 2:   John Dawlish   reducto   35PU     *** WINNER

***Battle 4

Team 1:   Ron Weasley   canario   25PU     *** WINNER
Team 2:   Croaker   horn tongue   25PU     *** LOSER

***Battle 5

Team 1:   Harry Potter   thief's downfall   41PU     *** WINNER
Team 2:   Dolores Umbridge   protego   33PU     *** LOSER



****WINNERS****
TEAM DUMBLEDORE'S ARMY
	1  Ernie Macmillan
	2  Luna Lovegood
	3  Ron Weasley
	4  Harry Potter

TEAM FACELESS BUREAUCRATS
	1  John Dawlish

****WINNER****
TEAM DUMBLEDORE'S ARMY
