**** TEAMS: 

TEAM FINE GENTLEMEN
	1 Remus Lupin   Organization: HOGWARTS   Rank: FACULTY   Curse: revulsion jinx
	2 Amos Diggory   Organization: MINISTRY_OF_MAGIC   Rank: OFFICIAL   Curse: silencio
	3 Firenze   Organization: HOGWARTS   Rank: FACULTY   Curse: imperio
	4 Antonin Dolohov   Organization: DEATH_EATERS   Rank: MASTER   Curse: avada kedavra
	5 Ron Weasley   Organization: HOGWARTS   Rank: STUDENT   Curse: jelly-brain jinx

TEAM FAIR LADIES
	1 Nymphadora Tonks   Organization: MINISTRY_OF_MAGIC   Rank: AUROR   Curse: stinging hex
	2 Rolanda Hooch   Organization: HOGWARTS   Rank: FACULTY   Curse: depulso
	3 Poppy Pomfrey   Organization: HOGWARTS   Rank: STAFF   Curse: knee-reversing hex
	4 Bellatrix Lestrange   Organization: DEATH_EATERS   Rank: MISTRESS   Curse: crucio
	5 Hermione Granger   Organization: HOGWARTS   Rank: STUDENT   Curse: impedimenta


****HEAD-TO-HEAD BATTLE****
***Battle 1

Team 1:   Remus Lupin   revulsion jinx   7PU     *** WINNER
Team 2:   Nymphadora Tonks   stinging hex   7PU     *** LOSER

***Battle 2

Team 1:   Amos Diggory   silencio   18PU     *** LOSER
Team 2:   Rolanda Hooch   depulso   32PU     *** WINNER

***Battle 3

Team 1:   Firenze   imperio   27PU     *** WINNER
Team 2:   Poppy Pomfrey   knee-reversing hex   22PU     *** LOSER

***Battle 4

Team 1:   Antonin Dolohov   avada kedavra   80PU     *** WINNER
Team 2:   Bellatrix Lestrange   crucio   70PU     *** LOSER

***Battle 5

Team 1:   Ron Weasley   jelly-brain jinx   8PU     *** LOSER
Team 2:   Hermione Granger   impedimenta   8PU     *** WINNER



****WINNERS****
TEAM FINE GENTLEMEN
	1  Remus Lupin
	2  Firenze
	3  Antonin Dolohov

TEAM FAIR LADIES
	1  Rolanda Hooch
	2  Hermione Granger

****WINNER****
TEAM FINE GENTLEMEN
