**** TEAMS: 

TEAM OLD TIMERS
	1 Aurora Sinistra   Organization: HOGWARTS   Rank: FACULTY   Curse: aquamenti
	2 Bartemius Crouch, Sr.   Organization: MINISTRY_OF_MAGIC   Rank: DEPARTMENT_CHAIR   Curse: protego
	3 Horace Slughorn   Organization: HOGWARTS   Rank: FACULTY   Curse: slug-vomiting charm
	4 Filius Flitwick   Organization: HOGWARTS   Rank: FACULTY   Curse: crucio
	5 Albus Dumbledore   Organization: HOGWARTS   Rank: FACULTY   Curse: gubraithian fire

TEAM YOUNG WANDS
	1 Colin Creevey   Organization: HOGWARTS   Rank: STUDENT   Curse: furnunculus
	2 Ginny Weasley   Organization: HOGWARTS   Rank: STUDENT   Curse: crucio
	3 Luna Lovegood   Organization: HOGWARTS   Rank: STUDENT   Curse: rictusempra
	4 Dean Thomas   Organization: HOGWARTS   Rank: STUDENT   Curse: imperio
	5 Harry Potter   Organization: HOGWARTS   Rank: STUDENT   Curse: evanesco


****HEAD-TO-HEAD BATTLE****
***Battle 1

Team 1:   Aurora Sinistra   aquamenti   17PU     *** LOSER
Team 2:   Colin Creevey   furnunculus   17PU     *** WINNER

***Battle 2

Team 1:   Bartemius Crouch, Sr.   protego   33PU     *** LOSER
Team 2:   Ginny Weasley   crucio   35PU     *** WINNER

***Battle 3

Team 1:   Horace Slughorn   slug-vomiting charm   16PU     *** WINNER
Team 2:   Luna Lovegood   rictusempra   16PU     *** LOSER

***Battle 4

Team 1:   Filius Flitwick   crucio   56PU     *** WINNER
Team 2:   Dean Thomas   imperio   54PU     *** LOSER

***Battle 5

Team 1:   Albus Dumbledore   gubraithian fire   20PU     *** WINNER
Team 2:   Harry Potter   evanesco   20PU     *** LOSER



****WINNERS****
TEAM OLD TIMERS
	1  Horace Slughorn
	2  Filius Flitwick
	3  Albus Dumbledore

TEAM YOUNG WANDS
	1  Colin Creevey
	2  Ginny Weasley

****WINNER****
TEAM OLD TIMERS
